<?xml version="1.0" encoding="UTF-8"?>
<!-- Generated by org.testng.reporters.JUnitXMLReporter -->
<testsuite ignored="0" hostname="DESKTOP-K69LQUC" failures="0" tests="3" name="Surefire test" time="0.064" errors="0" timestamp="2023-11-07T14:05:37 IST">
  <testcase classname="madhan.UserValidationTest" name="case1" time="0.016"/>
  <testcase classname="madhan.UserValidationTest" name="case2" time="0.001"/>
  <testcase classname="madhan.UserValidationTest" name="case3" time="0.001"/>
</testsuite> <!-- Surefire test -->
