<?xml version="1.0" encoding="UTF-8"?>
<testng-results ignored="0" total="3" passed="3" failed="0" skipped="0">
  <reporter-output>
  </reporter-output>
  <suite started-at="2023-11-07T14:05:37 IST" name="Surefire suite" finished-at="2023-11-07T14:05:37 IST" duration-ms="64">
    <groups>
    </groups>
    <test started-at="2023-11-07T14:05:37 IST" name="Surefire test" finished-at="2023-11-07T14:05:37 IST" duration-ms="64">
      <class name="madhan.UserValidationTest">
        <test-method signature="case1()[pri:0, instance:madhan.UserValidationTest@762ef0ea]" started-at="2023-11-07T14:05:37 IST" name="case1" finished-at="2023-11-07T14:05:37 IST" duration-ms="16" status="PASS">
          <reporter-output>
          </reporter-output>
        </test-method> <!-- case1 -->
        <test-method signature="case2()[pri:0, instance:madhan.UserValidationTest@762ef0ea]" started-at="2023-11-07T14:05:37 IST" name="case2" finished-at="2023-11-07T14:05:37 IST" duration-ms="1" status="PASS">
          <reporter-output>
          </reporter-output>
        </test-method> <!-- case2 -->
        <test-method signature="case3()[pri:0, instance:madhan.UserValidationTest@762ef0ea]" started-at="2023-11-07T14:05:37 IST" name="case3" finished-at="2023-11-07T14:05:37 IST" duration-ms="1" status="PASS">
          <reporter-output>
          </reporter-output>
        </test-method> <!-- case3 -->
      </class> <!-- madhan.UserValidationTest -->
    </test> <!-- Surefire test -->
  </suite> <!-- Surefire suite -->
</testng-results>
